<?xml version="1.0" encoding="UTF-8"?>
<!-- Generated by org.testng.reporters.JUnitReportReporter -->
<testsuite skipped="0" hostname="LAPTOP-IPL2Q4QM" name="com.learnautomation.unittest.TestDriver" tests="1" failures="0" timestamp="2021-12-28T20:27:45 IST" time="0.138" errors="0">
  <testcase name="adminLogin" time="0.138" classname="com.learnautomation.unittest.TestDriver"/>
  <system-out/>
</testsuite> <!-- com.learnautomation.unittest.TestDriver -->
